c:\users\joey\onedrive\jd_no_mirai\projects\josim\src\josim_vs\debug\vc141.pdb
c:\users\joey\onedrive\jd_no_mirai\projects\josim\src\josim_vs\debug\vc141.idb
c:\users\joey\onedrive\jd_no_mirai\projects\josim\src\josim_vs\debug\components.obj
c:\users\joey\onedrive\jd_no_mirai\projects\josim\src\josim_vs\debug\errors.obj
c:\users\joey\onedrive\jd_no_mirai\projects\josim\src\josim_vs\debug\input.obj
c:\users\joey\onedrive\jd_no_mirai\projects\josim\src\josim_vs\debug\josim.obj
c:\users\joey\onedrive\jd_no_mirai\projects\josim\src\josim_vs\debug\matrix.obj
c:\users\joey\onedrive\jd_no_mirai\projects\josim\src\josim_vs\debug\misc.obj
c:\users\joey\onedrive\jd_no_mirai\projects\josim\src\josim_vs\debug\models.obj
c:\users\joey\onedrive\jd_no_mirai\projects\josim\src\josim_vs\debug\simulation.obj
c:\users\joey\onedrive\jd_no_mirai\projects\josim\bin\win\debug\josim.exe
c:\users\joey\onedrive\jd_no_mirai\projects\josim\bin\win\debug\josim.ilk
c:\users\joey\onedrive\jd_no_mirai\projects\josim\bin\win\debug\josim.pdb
c:\users\joey\onedrive\jd_no_mirai\projects\josim\src\josim_vs\..\..\bin\win\debug\josim.pdb
c:\users\joey\onedrive\jd_no_mirai\projects\josim\src\josim_vs\..\..\bin\win\debug\josim.exe
c:\users\joey\onedrive\jd_no_mirai\projects\josim\src\josim_vs\..\..\bin\win\debug\josim.ilk
c:\users\joey\onedrive\jd_no_mirai\projects\josim\src\josim_vs\debug\josim.tlog\cl.command.1.tlog
c:\users\joey\onedrive\jd_no_mirai\projects\josim\src\josim_vs\debug\josim.tlog\cl.read.1.tlog
c:\users\joey\onedrive\jd_no_mirai\projects\josim\src\josim_vs\debug\josim.tlog\cl.write.1.tlog
c:\users\joey\onedrive\jd_no_mirai\projects\josim\src\josim_vs\debug\josim.tlog\link.command.1.tlog
c:\users\joey\onedrive\jd_no_mirai\projects\josim\src\josim_vs\debug\josim.tlog\link.read.1.tlog
c:\users\joey\onedrive\jd_no_mirai\projects\josim\src\josim_vs\debug\josim.tlog\link.write.1.tlog
